2022-04-11 23:02:58,113 INFO    StreamThr :5365 [internal.py:wandb_internal():95] W&B internal server running at pid: 5365, started at: 2022-04-11 23:02:58.112672
2022-04-11 23:02:58,117 DEBUG   HandlerThread:5365 [handler.py:handle_request():141] handle_request: status
2022-04-11 23:02:58,119 DEBUG   SenderThread:5365 [sender.py:send_request():249] send_request: status
2022-04-11 23:02:58,120 DEBUG   SenderThread:5365 [sender.py:send():235] send: header
2022-04-11 23:02:58,121 DEBUG   SenderThread:5365 [sender.py:send():235] send: run
2022-04-11 23:02:58,121 INFO    WriterThread:5365 [datastore.py:open_for_write():77] open: /Users/huanzhang/01Acdemics/PhD/Modules/DL4AM/solo_piano_detection/experiments/baseline_cnn/2022-04-11_23-02-56/wandb/run-20220411_230258-2x6hjp4i/run-2x6hjp4i.wandb
2022-04-11 23:02:58,125 DEBUG   SenderThread:5365 [git.py:repo():33] git repository is invalid
2022-04-11 23:02:58,125 INFO    SenderThread:5365 [sender.py:_maybe_setup_resume():493] checking resume status for None/uncategorized/2x6hjp4i
2022-04-11 23:02:58,603 DEBUG   HandlerThread:5365 [handler.py:handle_request():141] handle_request: check_version
2022-04-11 23:02:58,613 INFO    SenderThread:5365 [dir_watcher.py:__init__():169] watching files in: /Users/huanzhang/01Acdemics/PhD/Modules/DL4AM/solo_piano_detection/experiments/baseline_cnn/2022-04-11_23-02-56/wandb/run-20220411_230258-2x6hjp4i/files
2022-04-11 23:02:58,613 INFO    SenderThread:5365 [sender.py:_start_run_threads():815] run started: 2x6hjp4i with start time 1649714578
2022-04-11 23:02:58,613 DEBUG   SenderThread:5365 [sender.py:send():235] send: summary
2022-04-11 23:02:58,614 INFO    SenderThread:5365 [sender.py:_save_file():947] saving file wandb-summary.json with policy end
2022-04-11 23:02:58,614 DEBUG   SenderThread:5365 [sender.py:send_request():249] send_request: check_version
2022-04-11 23:02:58,731 DEBUG   HandlerThread:5365 [handler.py:handle_request():141] handle_request: run_start
2022-04-11 23:02:58,734 DEBUG   HandlerThread:5365 [meta.py:__init__():37] meta init
2022-04-11 23:02:58,735 DEBUG   HandlerThread:5365 [meta.py:__init__():51] meta init done
2022-04-11 23:02:58,735 DEBUG   HandlerThread:5365 [meta.py:probe():211] probe
2022-04-11 23:02:58,737 DEBUG   HandlerThread:5365 [git.py:repo():33] git repository is invalid
2022-04-11 23:02:58,737 DEBUG   HandlerThread:5365 [meta.py:_save_pip():55] save pip
2022-04-11 23:02:58,738 DEBUG   HandlerThread:5365 [meta.py:_save_pip():69] save pip done
2022-04-11 23:02:58,738 DEBUG   HandlerThread:5365 [meta.py:_save_conda():76] save conda
2022-04-11 23:02:59,620 INFO    Thread-12 :5365 [dir_watcher.py:_on_file_created():217] file/dir created: /Users/huanzhang/01Acdemics/PhD/Modules/DL4AM/solo_piano_detection/experiments/baseline_cnn/2022-04-11_23-02-56/wandb/run-20220411_230258-2x6hjp4i/files/requirements.txt
2022-04-11 23:02:59,620 INFO    Thread-12 :5365 [dir_watcher.py:_on_file_created():217] file/dir created: /Users/huanzhang/01Acdemics/PhD/Modules/DL4AM/solo_piano_detection/experiments/baseline_cnn/2022-04-11_23-02-56/wandb/run-20220411_230258-2x6hjp4i/files/conda-environment.yaml
2022-04-11 23:02:59,620 INFO    Thread-12 :5365 [dir_watcher.py:_on_file_created():217] file/dir created: /Users/huanzhang/01Acdemics/PhD/Modules/DL4AM/solo_piano_detection/experiments/baseline_cnn/2022-04-11_23-02-56/wandb/run-20220411_230258-2x6hjp4i/files/wandb-summary.json
2022-04-11 23:03:04,644 INFO    Thread-12 :5365 [dir_watcher.py:_on_file_created():217] file/dir created: /Users/huanzhang/01Acdemics/PhD/Modules/DL4AM/solo_piano_detection/experiments/baseline_cnn/2022-04-11_23-02-56/wandb/run-20220411_230258-2x6hjp4i/files/output.log
2022-04-11 23:03:06,654 INFO    Thread-12 :5365 [dir_watcher.py:_on_file_modified():230] file/dir modified: /Users/huanzhang/01Acdemics/PhD/Modules/DL4AM/solo_piano_detection/experiments/baseline_cnn/2022-04-11_23-02-56/wandb/run-20220411_230258-2x6hjp4i/files/output.log
2022-04-11 23:03:07,659 INFO    Thread-12 :5365 [dir_watcher.py:_on_file_modified():230] file/dir modified: /Users/huanzhang/01Acdemics/PhD/Modules/DL4AM/solo_piano_detection/experiments/baseline_cnn/2022-04-11_23-02-56/wandb/run-20220411_230258-2x6hjp4i/files/conda-environment.yaml
2022-04-11 23:03:07,815 DEBUG   HandlerThread:5365 [meta.py:_save_conda():86] save conda done
2022-04-11 23:03:07,815 DEBUG   HandlerThread:5365 [meta.py:probe():249] probe done
2022-04-11 23:03:07,909 DEBUG   HandlerThread:5365 [handler.py:handle_request():141] handle_request: stop_status
2022-04-11 23:03:07,909 DEBUG   SenderThread:5365 [sender.py:send_request():249] send_request: stop_status
2022-04-11 23:03:08,088 DEBUG   SenderThread:5365 [sender.py:send():235] send: telemetry
2022-04-11 23:03:08,089 DEBUG   SenderThread:5365 [sender.py:send():235] send: metric
2022-04-11 23:03:08,090 DEBUG   SenderThread:5365 [sender.py:send():235] send: telemetry
2022-04-11 23:03:08,090 DEBUG   SenderThread:5365 [sender.py:send():235] send: metric
2022-04-11 23:03:08,090 WARNING SenderThread:5365 [sender.py:send_metric():905] Seen metric with glob (shouldnt happen)
2022-04-11 23:03:08,090 DEBUG   SenderThread:5365 [sender.py:send():235] send: files
2022-04-11 23:03:08,093 INFO    SenderThread:5365 [sender.py:_save_file():947] saving file wandb-metadata.json with policy now
2022-04-11 23:03:08,673 INFO    Thread-16 :5365 [upload_job.py:push():137] Uploaded file /var/folders/41/_6lykj0s4ss209xm9mwxyb8c0000gn/T/tmpf76eh8prwandb/258xql71-wandb-metadata.json
2022-04-11 23:03:08,675 INFO    Thread-12 :5365 [dir_watcher.py:_on_file_created():217] file/dir created: /Users/huanzhang/01Acdemics/PhD/Modules/DL4AM/solo_piano_detection/experiments/baseline_cnn/2022-04-11_23-02-56/wandb/run-20220411_230258-2x6hjp4i/files/wandb-metadata.json
2022-04-11 23:03:23,097 DEBUG   HandlerThread:5365 [handler.py:handle_request():141] handle_request: stop_status
2022-04-11 23:03:23,098 DEBUG   SenderThread:5365 [sender.py:send_request():249] send_request: stop_status
2022-04-11 23:03:27,945 DEBUG   SenderThread:5365 [sender.py:send():235] send: stats
2022-04-11 23:03:28,762 INFO    Thread-12 :5365 [dir_watcher.py:_on_file_modified():230] file/dir modified: /Users/huanzhang/01Acdemics/PhD/Modules/DL4AM/solo_piano_detection/experiments/baseline_cnn/2022-04-11_23-02-56/wandb/run-20220411_230258-2x6hjp4i/files/output.log
2022-04-11 23:03:28,763 INFO    Thread-12 :5365 [dir_watcher.py:_on_file_modified():230] file/dir modified: /Users/huanzhang/01Acdemics/PhD/Modules/DL4AM/solo_piano_detection/experiments/baseline_cnn/2022-04-11_23-02-56/wandb/run-20220411_230258-2x6hjp4i/files/config.yaml
2022-04-11 23:03:32,781 INFO    Thread-12 :5365 [dir_watcher.py:_on_file_modified():230] file/dir modified: /Users/huanzhang/01Acdemics/PhD/Modules/DL4AM/solo_piano_detection/experiments/baseline_cnn/2022-04-11_23-02-56/wandb/run-20220411_230258-2x6hjp4i/files/output.log
2022-04-11 23:03:38,334 DEBUG   HandlerThread:5365 [handler.py:handle_request():141] handle_request: stop_status
2022-04-11 23:03:38,335 DEBUG   SenderThread:5365 [sender.py:send_request():249] send_request: stop_status
2022-04-11 23:03:53,563 DEBUG   HandlerThread:5365 [handler.py:handle_request():141] handle_request: stop_status
2022-04-11 23:03:53,564 DEBUG   SenderThread:5365 [sender.py:send_request():249] send_request: stop_status
2022-04-11 23:03:59,080 DEBUG   SenderThread:5365 [sender.py:send():235] send: stats
2022-04-11 23:04:07,954 INFO    Thread-12 :5365 [dir_watcher.py:_on_file_modified():230] file/dir modified: /Users/huanzhang/01Acdemics/PhD/Modules/DL4AM/solo_piano_detection/experiments/baseline_cnn/2022-04-11_23-02-56/wandb/run-20220411_230258-2x6hjp4i/files/output.log
2022-04-11 23:04:08,816 DEBUG   HandlerThread:5365 [handler.py:handle_request():141] handle_request: stop_status
2022-04-11 23:04:08,817 DEBUG   SenderThread:5365 [sender.py:send_request():249] send_request: stop_status
2022-04-11 23:04:09,959 INFO    Thread-12 :5365 [dir_watcher.py:_on_file_modified():230] file/dir modified: /Users/huanzhang/01Acdemics/PhD/Modules/DL4AM/solo_piano_detection/experiments/baseline_cnn/2022-04-11_23-02-56/wandb/run-20220411_230258-2x6hjp4i/files/output.log
2022-04-11 23:04:13,976 INFO    Thread-12 :5365 [dir_watcher.py:_on_file_modified():230] file/dir modified: /Users/huanzhang/01Acdemics/PhD/Modules/DL4AM/solo_piano_detection/experiments/baseline_cnn/2022-04-11_23-02-56/wandb/run-20220411_230258-2x6hjp4i/files/output.log
2022-04-11 23:04:24,057 DEBUG   HandlerThread:5365 [handler.py:handle_request():141] handle_request: stop_status
2022-04-11 23:04:24,058 DEBUG   SenderThread:5365 [sender.py:send_request():249] send_request: stop_status
2022-04-11 23:04:30,207 DEBUG   SenderThread:5365 [sender.py:send():235] send: stats
2022-04-11 23:04:39,291 DEBUG   HandlerThread:5365 [handler.py:handle_request():141] handle_request: stop_status
2022-04-11 23:04:39,292 DEBUG   SenderThread:5365 [sender.py:send_request():249] send_request: stop_status
2022-04-11 23:04:54,524 DEBUG   HandlerThread:5365 [handler.py:handle_request():141] handle_request: stop_status
2022-04-11 23:04:54,525 DEBUG   SenderThread:5365 [sender.py:send_request():249] send_request: stop_status
2022-04-11 23:05:01,418 DEBUG   SenderThread:5365 [sender.py:send():235] send: stats
2022-04-11 23:05:09,760 DEBUG   HandlerThread:5365 [handler.py:handle_request():141] handle_request: stop_status
2022-04-11 23:05:09,761 DEBUG   SenderThread:5365 [sender.py:send_request():249] send_request: stop_status
2022-04-11 23:05:24,995 DEBUG   HandlerThread:5365 [handler.py:handle_request():141] handle_request: stop_status
2022-04-11 23:05:24,996 DEBUG   SenderThread:5365 [sender.py:send_request():249] send_request: stop_status
2022-04-11 23:05:32,581 DEBUG   SenderThread:5365 [sender.py:send():235] send: stats
2022-04-11 23:05:40,270 DEBUG   HandlerThread:5365 [handler.py:handle_request():141] handle_request: stop_status
2022-04-11 23:05:40,271 DEBUG   SenderThread:5365 [sender.py:send_request():249] send_request: stop_status
2022-04-11 23:05:55,503 DEBUG   HandlerThread:5365 [handler.py:handle_request():141] handle_request: stop_status
2022-04-11 23:05:55,504 DEBUG   SenderThread:5365 [sender.py:send_request():249] send_request: stop_status
2022-04-11 23:06:03,726 DEBUG   SenderThread:5365 [sender.py:send():235] send: stats
2022-04-11 23:06:10,745 DEBUG   HandlerThread:5365 [handler.py:handle_request():141] handle_request: stop_status
2022-04-11 23:06:10,746 DEBUG   SenderThread:5365 [sender.py:send_request():249] send_request: stop_status
2022-04-11 23:06:26,035 DEBUG   HandlerThread:5365 [handler.py:handle_request():141] handle_request: stop_status
2022-04-11 23:06:26,035 DEBUG   SenderThread:5365 [sender.py:send_request():249] send_request: stop_status
2022-04-11 23:10:08,665 DEBUG   SenderThread:5365 [sender.py:send():235] send: stats
2022-04-11 23:10:14,784 DEBUG   HandlerThread:5365 [handler.py:handle_request():141] handle_request: stop_status
2022-04-11 23:10:14,785 DEBUG   SenderThread:5365 [sender.py:send_request():249] send_request: stop_status
2022-04-11 23:10:16,244 INFO    Thread-12 :5365 [dir_watcher.py:_on_file_modified():230] file/dir modified: /Users/huanzhang/01Acdemics/PhD/Modules/DL4AM/solo_piano_detection/experiments/baseline_cnn/2022-04-11_23-02-56/wandb/run-20220411_230258-2x6hjp4i/files/output.log
2022-04-11 23:10:18,256 INFO    Thread-12 :5365 [dir_watcher.py:_on_file_modified():230] file/dir modified: /Users/huanzhang/01Acdemics/PhD/Modules/DL4AM/solo_piano_detection/experiments/baseline_cnn/2022-04-11_23-02-56/wandb/run-20220411_230258-2x6hjp4i/files/output.log
2022-04-11 23:10:25,696 WARNING FileStreamThread:5365 [file_stream.py:request_with_retry():599] requests_with_retry encountered retryable exception: HTTPSConnectionPool(host='api.wandb.ai', port=443): Read timed out. (read timeout=None). func: <bound method Session.post of <requests.sessions.Session object at 0x7feb504378d0>>, args: ('https://api.wandb.ai/files/huanz/uncategorized/2x6hjp4i/file_stream',), kwargs: {'json': {'complete': False, 'failed': False, 'dropped': 0, 'uploaded': []}}
2022-04-11 23:10:31,142 DEBUG   HandlerThread:5365 [handler.py:handle_request():141] handle_request: stop_status
2022-04-11 23:10:31,143 DEBUG   SenderThread:5365 [sender.py:send_request():249] send_request: stop_status
2022-04-11 23:10:39,743 DEBUG   SenderThread:5365 [sender.py:send():235] send: stats
2022-04-11 23:10:46,372 DEBUG   HandlerThread:5365 [handler.py:handle_request():141] handle_request: stop_status
2022-04-11 23:10:46,373 DEBUG   SenderThread:5365 [sender.py:send_request():249] send_request: stop_status
2022-04-11 23:10:54,407 INFO    Thread-12 :5365 [dir_watcher.py:_on_file_modified():230] file/dir modified: /Users/huanzhang/01Acdemics/PhD/Modules/DL4AM/solo_piano_detection/experiments/baseline_cnn/2022-04-11_23-02-56/wandb/run-20220411_230258-2x6hjp4i/files/output.log
2022-04-11 23:11:01,562 DEBUG   HandlerThread:5365 [handler.py:handle_request():141] handle_request: stop_status
2022-04-11 23:11:01,563 DEBUG   SenderThread:5365 [sender.py:send_request():249] send_request: stop_status
2022-04-11 23:11:10,485 INFO    Thread-12 :5365 [dir_watcher.py:_on_file_modified():230] file/dir modified: /Users/huanzhang/01Acdemics/PhD/Modules/DL4AM/solo_piano_detection/experiments/baseline_cnn/2022-04-11_23-02-56/wandb/run-20220411_230258-2x6hjp4i/files/output.log
2022-04-11 23:11:10,917 DEBUG   SenderThread:5365 [sender.py:send():235] send: stats
2022-04-11 23:11:16,735 DEBUG   HandlerThread:5365 [handler.py:handle_request():141] handle_request: stop_status
2022-04-11 23:11:16,736 DEBUG   SenderThread:5365 [sender.py:send_request():249] send_request: stop_status
2022-04-11 23:11:31,967 DEBUG   HandlerThread:5365 [handler.py:handle_request():141] handle_request: stop_status
2022-04-11 23:11:31,968 DEBUG   SenderThread:5365 [sender.py:send_request():249] send_request: stop_status
2022-04-11 23:11:42,078 DEBUG   SenderThread:5365 [sender.py:send():235] send: stats
2022-04-11 23:11:47,177 DEBUG   HandlerThread:5365 [handler.py:handle_request():141] handle_request: stop_status
2022-04-11 23:11:47,177 DEBUG   SenderThread:5365 [sender.py:send_request():249] send_request: stop_status
2022-04-11 23:11:56,694 INFO    Thread-12 :5365 [dir_watcher.py:_on_file_modified():230] file/dir modified: /Users/huanzhang/01Acdemics/PhD/Modules/DL4AM/solo_piano_detection/experiments/baseline_cnn/2022-04-11_23-02-56/wandb/run-20220411_230258-2x6hjp4i/files/output.log
2022-04-11 23:12:02,375 DEBUG   HandlerThread:5365 [handler.py:handle_request():141] handle_request: stop_status
2022-04-11 23:12:02,376 DEBUG   SenderThread:5365 [sender.py:send_request():249] send_request: stop_status
2022-04-11 23:12:12,763 INFO    Thread-12 :5365 [dir_watcher.py:_on_file_modified():230] file/dir modified: /Users/huanzhang/01Acdemics/PhD/Modules/DL4AM/solo_piano_detection/experiments/baseline_cnn/2022-04-11_23-02-56/wandb/run-20220411_230258-2x6hjp4i/files/output.log
2022-04-11 23:12:13,195 DEBUG   SenderThread:5365 [sender.py:send():235] send: stats
2022-04-11 23:12:14,772 INFO    Thread-12 :5365 [dir_watcher.py:_on_file_modified():230] file/dir modified: /Users/huanzhang/01Acdemics/PhD/Modules/DL4AM/solo_piano_detection/experiments/baseline_cnn/2022-04-11_23-02-56/wandb/run-20220411_230258-2x6hjp4i/files/output.log
2022-04-11 23:12:17,641 DEBUG   HandlerThread:5365 [handler.py:handle_request():141] handle_request: stop_status
2022-04-11 23:12:17,641 DEBUG   SenderThread:5365 [sender.py:send_request():249] send_request: stop_status
2022-04-11 23:12:26,827 INFO    Thread-12 :5365 [dir_watcher.py:_on_file_modified():230] file/dir modified: /Users/huanzhang/01Acdemics/PhD/Modules/DL4AM/solo_piano_detection/experiments/baseline_cnn/2022-04-11_23-02-56/wandb/run-20220411_230258-2x6hjp4i/files/output.log
2022-04-11 23:12:33,303 DEBUG   HandlerThread:5365 [handler.py:handle_request():141] handle_request: stop_status
2022-04-11 23:12:33,304 DEBUG   SenderThread:5365 [sender.py:send_request():249] send_request: stop_status
2022-04-11 23:12:38,882 INFO    Thread-12 :5365 [dir_watcher.py:_on_file_modified():230] file/dir modified: /Users/huanzhang/01Acdemics/PhD/Modules/DL4AM/solo_piano_detection/experiments/baseline_cnn/2022-04-11_23-02-56/wandb/run-20220411_230258-2x6hjp4i/files/output.log
2022-04-11 23:12:44,333 DEBUG   SenderThread:5365 [sender.py:send():235] send: stats
2022-04-11 23:12:44,916 INFO    Thread-12 :5365 [dir_watcher.py:_on_file_modified():230] file/dir modified: /Users/huanzhang/01Acdemics/PhD/Modules/DL4AM/solo_piano_detection/experiments/baseline_cnn/2022-04-11_23-02-56/wandb/run-20220411_230258-2x6hjp4i/files/output.log
2022-04-11 23:12:48,577 DEBUG   HandlerThread:5365 [handler.py:handle_request():141] handle_request: stop_status
2022-04-11 23:12:48,578 DEBUG   SenderThread:5365 [sender.py:send_request():249] send_request: stop_status
2022-04-11 23:12:48,937 INFO    Thread-12 :5365 [dir_watcher.py:_on_file_modified():230] file/dir modified: /Users/huanzhang/01Acdemics/PhD/Modules/DL4AM/solo_piano_detection/experiments/baseline_cnn/2022-04-11_23-02-56/wandb/run-20220411_230258-2x6hjp4i/files/output.log
2022-04-11 23:13:03,006 INFO    Thread-12 :5365 [dir_watcher.py:_on_file_modified():230] file/dir modified: /Users/huanzhang/01Acdemics/PhD/Modules/DL4AM/solo_piano_detection/experiments/baseline_cnn/2022-04-11_23-02-56/wandb/run-20220411_230258-2x6hjp4i/files/output.log
2022-04-11 23:13:08,585 DEBUG   HandlerThread:5365 [handler.py:handle_request():141] handle_request: stop_status
2022-04-11 23:13:22,372 ERROR   SenderThread:5365 [retry.py:__call__():126] Retry attempt failed:
Traceback (most recent call last):
  File "/opt/anaconda3/lib/python3.7/site-packages/urllib3/connectionpool.py", line 449, in _make_request
    six.raise_from(e, None)
  File "<string>", line 3, in raise_from
  File "/opt/anaconda3/lib/python3.7/site-packages/urllib3/connectionpool.py", line 444, in _make_request
    httplib_response = conn.getresponse()
  File "/opt/anaconda3/lib/python3.7/http/client.py", line 1336, in getresponse
    response.begin()
  File "/opt/anaconda3/lib/python3.7/http/client.py", line 306, in begin
    version, status, reason = self._read_status()
  File "/opt/anaconda3/lib/python3.7/http/client.py", line 267, in _read_status
    line = str(self.fp.readline(_MAXLINE + 1), "iso-8859-1")
  File "/opt/anaconda3/lib/python3.7/socket.py", line 589, in readinto
    return self._sock.recv_into(b)
  File "/opt/anaconda3/lib/python3.7/ssl.py", line 1071, in recv_into
    return self.read(nbytes, buffer)
  File "/opt/anaconda3/lib/python3.7/ssl.py", line 929, in read
    return self._sslobj.read(len, buffer)
socket.timeout: The read operation timed out

During handling of the above exception, another exception occurred:

Traceback (most recent call last):
  File "/opt/anaconda3/lib/python3.7/site-packages/requests/adapters.py", line 450, in send
    timeout=timeout
  File "/opt/anaconda3/lib/python3.7/site-packages/urllib3/connectionpool.py", line 786, in urlopen
    method, url, error=e, _pool=self, _stacktrace=sys.exc_info()[2]
  File "/opt/anaconda3/lib/python3.7/site-packages/urllib3/util/retry.py", line 550, in increment
    raise six.reraise(type(error), error, _stacktrace)
  File "/opt/anaconda3/lib/python3.7/site-packages/urllib3/packages/six.py", line 770, in reraise
    raise value
  File "/opt/anaconda3/lib/python3.7/site-packages/urllib3/connectionpool.py", line 710, in urlopen
    chunked=chunked,
  File "/opt/anaconda3/lib/python3.7/site-packages/urllib3/connectionpool.py", line 451, in _make_request
    self._raise_timeout(err=e, url=url, timeout_value=read_timeout)
  File "/opt/anaconda3/lib/python3.7/site-packages/urllib3/connectionpool.py", line 341, in _raise_timeout
    self, url, "Read timed out. (read timeout=%s)" % timeout_value
urllib3.exceptions.ReadTimeoutError: HTTPSConnectionPool(host='api.wandb.ai', port=443): Read timed out. (read timeout=10)

During handling of the above exception, another exception occurred:

Traceback (most recent call last):
  File "/opt/anaconda3/lib/python3.7/site-packages/wandb/sdk/lib/retry.py", line 102, in __call__
    result = self._call_fn(*args, **kwargs)
  File "/opt/anaconda3/lib/python3.7/site-packages/wandb/sdk/internal/internal_api.py", line 141, in execute
    return self.client.execute(*args, **kwargs)
  File "/opt/anaconda3/lib/python3.7/site-packages/wandb/vendor/gql-0.2.0/wandb_gql/client.py", line 52, in execute
    result = self._get_result(document, *args, **kwargs)
  File "/opt/anaconda3/lib/python3.7/site-packages/wandb/vendor/gql-0.2.0/wandb_gql/client.py", line 60, in _get_result
    return self.transport.execute(document, *args, **kwargs)
  File "/opt/anaconda3/lib/python3.7/site-packages/wandb/vendor/gql-0.2.0/wandb_gql/transport/requests.py", line 38, in execute
    request = requests.post(self.url, **post_args)
  File "/opt/anaconda3/lib/python3.7/site-packages/requests/api.py", line 117, in post
    return request('post', url, data=data, json=json, **kwargs)
  File "/opt/anaconda3/lib/python3.7/site-packages/requests/api.py", line 61, in request
    return session.request(method=method, url=url, **kwargs)
  File "/opt/anaconda3/lib/python3.7/site-packages/requests/sessions.py", line 529, in request
    resp = self.send(prep, **send_kwargs)
  File "/opt/anaconda3/lib/python3.7/site-packages/requests/sessions.py", line 645, in send
    r = adapter.send(request, **kwargs)
  File "/opt/anaconda3/lib/python3.7/site-packages/requests/adapters.py", line 532, in send
    raise ReadTimeout(e, request=request)
requests.exceptions.ReadTimeout: HTTPSConnectionPool(host='api.wandb.ai', port=443): Read timed out. (read timeout=10)
2022-04-11 23:13:28,594 DEBUG   HandlerThread:5365 [handler.py:handle_request():141] handle_request: stop_status
2022-04-11 23:13:37,163 INFO    Thread-12 :5365 [dir_watcher.py:_on_file_modified():230] file/dir modified: /Users/huanzhang/01Acdemics/PhD/Modules/DL4AM/solo_piano_detection/experiments/baseline_cnn/2022-04-11_23-02-56/wandb/run-20220411_230258-2x6hjp4i/files/output.log
2022-04-11 23:13:39,418 WARNING FileStreamThread:5365 [file_stream.py:request_with_retry():599] requests_with_retry encountered retryable exception: 500 Server Error: Internal Server Error for url: https://api.wandb.ai/files/huanz/uncategorized/2x6hjp4i/file_stream. func: <bound method Session.post of <requests.sessions.Session object at 0x7feb504378d0>>, args: ('https://api.wandb.ai/files/huanz/uncategorized/2x6hjp4i/file_stream',), kwargs: {'json': {'files': {'wandb-events.jsonl': {'offset': 10, 'content': ['{"system.cpu": 7.13, "system.memory": 90.81, "system.disk": 36.9, "system.proc.memory.availableMB": 1506.27, "system.proc.memory.rssMB": 512.77, "system.proc.memory.percent": 3.13, "system.proc.cpu.threads": 20.0, "system.network.sent": 1626112, "system.network.recv": 7954432, "_wandb": true, "_timestamp": 1649715133, "_runtime": 555}']}, 'output.log': {'offset': 316, 'content': ['2022-04-11T22:12:14.141993 tensor([0, 0, 0, 0, 0, 0, 0, 0, 0, 0, 0, 0, 0, 0, 0, 1, 0, 0, 0, 0, 0, 0, 0, 0,\n', '2022-04-11T22:12:14.141993         0, 0, 0, 0, 0, 0, 0, 0, 0, 0, 0, 0, 0, 1, 0, 0, 0, 0, 0, 0, 0, 0, 0, 0,\n', '2022-04-11T22:12:14.141993         0, 0, 0, 0, 0, 0, 0, 0, 0, 0, 0, 0, 0, 0, 0, 0, 0, 0, 0, 0, 0, 0, 0, 0,\n', '2022-04-11T22:12:14.141993         0, 0, 0, 1, 0, 0, 0, 0, 0, 0, 0, 0, 0, 0, 0, 0, 0, 0, 0, 0, 0, 0, 0, 0,\n', '2022-04-11T22:12:14.141993         0, 1, 0, 0, 0, 0, 0, 0, 0, 0, 0, 0, 0, 0, 0, 0, 0, 0, 0, 0, 0, 0, 0, 0,\n', '2022-04-11T22:12:14.141993         0, 1, 0, 0, 0, 0, 0, 0, 0, 0, 0, 0, 0, 0, 0, 0, 0, 0, 0, 0, 0, 0, 0, 0,\n', '2022-04-11T22:12:14.141993         0, 0, 0, 0, 0, 0, 0, 0, 0, 0, 0, 0, 0, 0, 0, 0, 0, 0, 0, 0, 0, 0, 0, 0,\n', '2022-04-11T22:12:14.141993         0, 0, 0, 0, 0, 0, 0, 0, 0, 0, 0, 0, 0, 0, 0, 0, 0, 0, 0, 0, 0, 0, 0, 0,\n', '2022-04-11T22:12:14.141993         0, 0, 0, 0, 0, 0, 0, 0, 0, 0, 0, 0, 0, 0, 0, 0, 0, 0, 0, 0, 0, 0, 0, 0,\n', '2022-04-11T22:12:14.141993         0, 0, 0, 0, 0, 0, 0, 0, 0, 0, 0, 0, 0, 0, 0, 0, 0, 0, 0, 0, 0, 0, 0, 0,\n', '2022-04-11T22:12:14.141993         0, 0, 0, 0, 0, 0, 0, 0, 0, 0, 0, 0, 0, 0, 0, 0, 0, 0, 0, 0, 0, 0, 0, 0,\n', '2022-04-11T22:12:14.141993         0, 0, 0, 0, 0, 0, 0, 0, 0, 0, 0, 0, 0])\n', '2022-04-11T22:12:26.175215 *** TypeError: can only concatenate tuple (not "int") to tuple\n', '2022-04-11T22:12:38.200255 *** TypeError: can only concatenate tuple (not "int") to tuple\n', '2022-04-11T22:12:44.216345 *** TypeError: only integer scalar arrays can be converted to a scalar index\n']}}, 'dropped': 0}}
2022-04-11 23:13:43,192 INFO    Thread-12 :5365 [dir_watcher.py:_on_file_modified():230] file/dir modified: /Users/huanzhang/01Acdemics/PhD/Modules/DL4AM/solo_piano_detection/experiments/baseline_cnn/2022-04-11_23-02-56/wandb/run-20220411_230258-2x6hjp4i/files/output.log
2022-04-11 23:13:48,599 DEBUG   HandlerThread:5365 [handler.py:handle_request():141] handle_request: stop_status
2022-04-11 23:13:50,073 DEBUG   SenderThread:5365 [sender.py:send_request():249] send_request: stop_status
2022-04-11 23:13:56,832 DEBUG   SenderThread:5365 [sender.py:send():235] send: stats
2022-04-11 23:13:56,833 DEBUG   SenderThread:5365 [sender.py:send_request():249] send_request: stop_status
2022-04-11 23:14:01,749 DEBUG   SenderThread:5365 [sender.py:send():235] send: stats
2022-04-11 23:14:01,749 DEBUG   SenderThread:5365 [sender.py:send_request():249] send_request: stop_status
2022-04-11 23:14:08,609 DEBUG   HandlerThread:5365 [handler.py:handle_request():141] handle_request: stop_status
2022-04-11 23:14:08,610 DEBUG   SenderThread:5365 [sender.py:send_request():249] send_request: stop_status
2022-04-11 23:14:17,836 DEBUG   SenderThread:5365 [sender.py:send():235] send: stats
2022-04-11 23:14:26,997 DEBUG   HandlerThread:5365 [handler.py:handle_request():141] handle_request: stop_status
2022-04-11 23:14:26,998 DEBUG   SenderThread:5365 [sender.py:send_request():249] send_request: stop_status
2022-04-11 23:14:43,381 DEBUG   HandlerThread:5365 [handler.py:handle_request():141] handle_request: stop_status
2022-04-11 23:14:43,383 DEBUG   SenderThread:5365 [sender.py:send_request():249] send_request: stop_status
2022-04-11 23:14:48,972 DEBUG   SenderThread:5365 [sender.py:send():235] send: stats
2022-04-11 23:14:59,351 DEBUG   HandlerThread:5365 [handler.py:handle_request():141] handle_request: stop_status
2022-04-11 23:14:59,351 DEBUG   SenderThread:5365 [sender.py:send_request():249] send_request: stop_status
2022-04-11 23:15:14,623 DEBUG   HandlerThread:5365 [handler.py:handle_request():141] handle_request: stop_status
2022-04-11 23:15:14,624 DEBUG   SenderThread:5365 [sender.py:send_request():249] send_request: stop_status
2022-04-11 23:15:20,069 DEBUG   SenderThread:5365 [sender.py:send():235] send: stats
2022-04-11 23:15:29,885 DEBUG   HandlerThread:5365 [handler.py:handle_request():141] handle_request: stop_status
2022-04-11 23:15:29,886 DEBUG   SenderThread:5365 [sender.py:send_request():249] send_request: stop_status
2022-04-11 23:15:45,091 DEBUG   HandlerThread:5365 [handler.py:handle_request():141] handle_request: stop_status
2022-04-11 23:15:45,093 DEBUG   SenderThread:5365 [sender.py:send_request():249] send_request: stop_status
2022-04-11 23:15:51,207 DEBUG   SenderThread:5365 [sender.py:send():235] send: stats
2022-04-11 23:16:00,727 DEBUG   HandlerThread:5365 [handler.py:handle_request():141] handle_request: stop_status
2022-04-11 23:16:00,727 DEBUG   SenderThread:5365 [sender.py:send_request():249] send_request: stop_status
2022-04-11 23:16:15,971 DEBUG   HandlerThread:5365 [handler.py:handle_request():141] handle_request: stop_status
2022-04-11 23:16:15,971 DEBUG   SenderThread:5365 [sender.py:send_request():249] send_request: stop_status
2022-04-11 23:16:22,217 DEBUG   SenderThread:5365 [sender.py:send():235] send: stats
2022-04-11 23:16:31,251 DEBUG   HandlerThread:5365 [handler.py:handle_request():141] handle_request: stop_status
2022-04-11 23:16:31,252 DEBUG   SenderThread:5365 [sender.py:send_request():249] send_request: stop_status
2022-04-11 23:16:46,662 DEBUG   HandlerThread:5365 [handler.py:handle_request():141] handle_request: stop_status
2022-04-11 23:16:46,663 DEBUG   SenderThread:5365 [sender.py:send_request():249] send_request: stop_status
2022-04-11 23:16:53,334 DEBUG   SenderThread:5365 [sender.py:send():235] send: stats
2022-04-11 23:17:01,890 DEBUG   HandlerThread:5365 [handler.py:handle_request():141] handle_request: stop_status
2022-04-11 23:17:01,891 DEBUG   SenderThread:5365 [sender.py:send_request():249] send_request: stop_status
2022-04-11 23:17:17,159 DEBUG   HandlerThread:5365 [handler.py:handle_request():141] handle_request: stop_status
2022-04-11 23:17:17,160 DEBUG   SenderThread:5365 [sender.py:send_request():249] send_request: stop_status
2022-04-11 23:17:17,191 INFO    Thread-12 :5365 [dir_watcher.py:_on_file_modified():230] file/dir modified: /Users/huanzhang/01Acdemics/PhD/Modules/DL4AM/solo_piano_detection/experiments/baseline_cnn/2022-04-11_23-02-56/wandb/run-20220411_230258-2x6hjp4i/files/output.log
2022-04-11 23:17:24,512 DEBUG   SenderThread:5365 [sender.py:send():235] send: stats
2022-04-11 23:17:32,388 DEBUG   HandlerThread:5365 [handler.py:handle_request():141] handle_request: stop_status
2022-04-11 23:17:32,389 DEBUG   SenderThread:5365 [sender.py:send_request():249] send_request: stop_status
2022-04-11 23:17:47,644 DEBUG   HandlerThread:5365 [handler.py:handle_request():141] handle_request: stop_status
2022-04-11 23:17:47,645 DEBUG   SenderThread:5365 [sender.py:send_request():249] send_request: stop_status
2022-04-11 23:17:55,655 DEBUG   SenderThread:5365 [sender.py:send():235] send: stats
2022-04-11 23:18:02,941 DEBUG   HandlerThread:5365 [handler.py:handle_request():141] handle_request: stop_status
2022-04-11 23:18:02,942 DEBUG   SenderThread:5365 [sender.py:send_request():249] send_request: stop_status
2022-04-11 23:18:18,185 DEBUG   HandlerThread:5365 [handler.py:handle_request():141] handle_request: stop_status
2022-04-11 23:18:18,185 DEBUG   SenderThread:5365 [sender.py:send_request():249] send_request: stop_status
2022-04-11 23:18:26,787 DEBUG   SenderThread:5365 [sender.py:send():235] send: stats
2022-04-11 23:18:33,403 DEBUG   HandlerThread:5365 [handler.py:handle_request():141] handle_request: stop_status
2022-04-11 23:18:33,403 DEBUG   SenderThread:5365 [sender.py:send_request():249] send_request: stop_status
2022-04-11 23:18:48,680 DEBUG   HandlerThread:5365 [handler.py:handle_request():141] handle_request: stop_status
2022-04-11 23:18:48,681 DEBUG   SenderThread:5365 [sender.py:send_request():249] send_request: stop_status
2022-04-11 23:18:55,628 INFO    Thread-12 :5365 [dir_watcher.py:_on_file_modified():230] file/dir modified: /Users/huanzhang/01Acdemics/PhD/Modules/DL4AM/solo_piano_detection/experiments/baseline_cnn/2022-04-11_23-02-56/wandb/run-20220411_230258-2x6hjp4i/files/output.log
2022-04-11 23:18:57,948 DEBUG   SenderThread:5365 [sender.py:send():235] send: stats
2022-04-11 23:18:59,649 INFO    Thread-12 :5365 [dir_watcher.py:_on_file_modified():230] file/dir modified: /Users/huanzhang/01Acdemics/PhD/Modules/DL4AM/solo_piano_detection/experiments/baseline_cnn/2022-04-11_23-02-56/wandb/run-20220411_230258-2x6hjp4i/files/output.log
2022-04-11 23:19:04,496 DEBUG   HandlerThread:5365 [handler.py:handle_request():141] handle_request: stop_status
2022-04-11 23:19:04,498 DEBUG   SenderThread:5365 [sender.py:send_request():249] send_request: stop_status
2022-04-11 23:19:19,737 INFO    Thread-12 :5365 [dir_watcher.py:_on_file_modified():230] file/dir modified: /Users/huanzhang/01Acdemics/PhD/Modules/DL4AM/solo_piano_detection/experiments/baseline_cnn/2022-04-11_23-02-56/wandb/run-20220411_230258-2x6hjp4i/files/output.log
2022-04-11 23:19:19,785 DEBUG   HandlerThread:5365 [handler.py:handle_request():141] handle_request: stop_status
2022-04-11 23:19:19,786 DEBUG   SenderThread:5365 [sender.py:send_request():249] send_request: stop_status
2022-04-11 23:19:29,109 DEBUG   SenderThread:5365 [sender.py:send():235] send: stats
2022-04-11 23:19:35,069 DEBUG   HandlerThread:5365 [handler.py:handle_request():141] handle_request: stop_status
2022-04-11 23:19:35,070 DEBUG   SenderThread:5365 [sender.py:send_request():249] send_request: stop_status
2022-04-11 23:19:50,319 DEBUG   HandlerThread:5365 [handler.py:handle_request():141] handle_request: stop_status
2022-04-11 23:19:50,319 DEBUG   SenderThread:5365 [sender.py:send_request():249] send_request: stop_status
2022-04-11 23:20:00,229 DEBUG   SenderThread:5365 [sender.py:send():235] send: stats
2022-04-11 23:20:05,588 DEBUG   HandlerThread:5365 [handler.py:handle_request():141] handle_request: stop_status
2022-04-11 23:20:05,589 DEBUG   SenderThread:5365 [sender.py:send_request():249] send_request: stop_status
2022-04-11 23:20:20,886 DEBUG   HandlerThread:5365 [handler.py:handle_request():141] handle_request: stop_status
2022-04-11 23:20:20,887 DEBUG   SenderThread:5365 [sender.py:send_request():249] send_request: stop_status
2022-04-11 23:20:31,397 DEBUG   SenderThread:5365 [sender.py:send():235] send: stats
2022-04-11 23:20:36,183 DEBUG   HandlerThread:5365 [handler.py:handle_request():141] handle_request: stop_status
2022-04-11 23:20:36,184 DEBUG   SenderThread:5365 [sender.py:send_request():249] send_request: stop_status
2022-04-11 23:20:51,404 DEBUG   HandlerThread:5365 [handler.py:handle_request():141] handle_request: stop_status
2022-04-11 23:20:51,405 DEBUG   SenderThread:5365 [sender.py:send_request():249] send_request: stop_status
2022-04-11 23:21:02,563 DEBUG   SenderThread:5365 [sender.py:send():235] send: stats
2022-04-11 23:21:06,649 DEBUG   HandlerThread:5365 [handler.py:handle_request():141] handle_request: stop_status
2022-04-11 23:21:06,650 DEBUG   SenderThread:5365 [sender.py:send_request():249] send_request: stop_status
2022-04-11 23:21:21,884 DEBUG   HandlerThread:5365 [handler.py:handle_request():141] handle_request: stop_status
2022-04-11 23:21:21,885 DEBUG   SenderThread:5365 [sender.py:send_request():249] send_request: stop_status
2022-04-11 23:21:33,618 DEBUG   SenderThread:5365 [sender.py:send():235] send: stats
2022-04-11 23:21:37,150 DEBUG   HandlerThread:5365 [handler.py:handle_request():141] handle_request: stop_status
2022-04-11 23:21:37,151 DEBUG   SenderThread:5365 [sender.py:send_request():249] send_request: stop_status
2022-04-11 23:21:52,403 DEBUG   HandlerThread:5365 [handler.py:handle_request():141] handle_request: stop_status
2022-04-11 23:21:52,404 DEBUG   SenderThread:5365 [sender.py:send_request():249] send_request: stop_status
2022-04-11 23:22:04,690 DEBUG   SenderThread:5365 [sender.py:send():235] send: stats
2022-04-11 23:22:07,795 DEBUG   HandlerThread:5365 [handler.py:handle_request():141] handle_request: stop_status
2022-04-11 23:22:07,796 DEBUG   SenderThread:5365 [sender.py:send_request():249] send_request: stop_status
2022-04-11 23:22:23,032 DEBUG   HandlerThread:5365 [handler.py:handle_request():141] handle_request: stop_status
2022-04-11 23:22:23,033 DEBUG   SenderThread:5365 [sender.py:send_request():249] send_request: stop_status
2022-04-11 23:22:35,738 DEBUG   SenderThread:5365 [sender.py:send():235] send: stats
2022-04-11 23:22:38,510 DEBUG   HandlerThread:5365 [handler.py:handle_request():141] handle_request: stop_status
2022-04-11 23:22:38,511 DEBUG   SenderThread:5365 [sender.py:send_request():249] send_request: stop_status
2022-04-11 23:22:53,730 DEBUG   HandlerThread:5365 [handler.py:handle_request():141] handle_request: stop_status
2022-04-11 23:22:53,731 DEBUG   SenderThread:5365 [sender.py:send_request():249] send_request: stop_status
2022-04-11 23:23:06,853 DEBUG   SenderThread:5365 [sender.py:send():235] send: stats
2022-04-11 23:23:09,130 DEBUG   HandlerThread:5365 [handler.py:handle_request():141] handle_request: stop_status
2022-04-11 23:23:09,130 DEBUG   SenderThread:5365 [sender.py:send_request():249] send_request: stop_status
2022-04-11 23:23:24,345 DEBUG   HandlerThread:5365 [handler.py:handle_request():141] handle_request: stop_status
2022-04-11 23:23:24,346 DEBUG   SenderThread:5365 [sender.py:send_request():249] send_request: stop_status
2022-04-11 23:23:38,006 DEBUG   SenderThread:5365 [sender.py:send():235] send: stats
2022-04-11 23:23:39,545 DEBUG   HandlerThread:5365 [handler.py:handle_request():141] handle_request: stop_status
2022-04-11 23:23:39,546 DEBUG   SenderThread:5365 [sender.py:send_request():249] send_request: stop_status
2022-04-11 23:23:54,769 DEBUG   HandlerThread:5365 [handler.py:handle_request():141] handle_request: stop_status
2022-04-11 23:23:54,770 DEBUG   SenderThread:5365 [sender.py:send_request():249] send_request: stop_status
2022-04-11 23:24:09,117 DEBUG   SenderThread:5365 [sender.py:send():235] send: stats
2022-04-11 23:24:09,989 DEBUG   HandlerThread:5365 [handler.py:handle_request():141] handle_request: stop_status
2022-04-11 23:24:09,989 DEBUG   SenderThread:5365 [sender.py:send_request():249] send_request: stop_status
2022-04-11 23:24:25,211 DEBUG   HandlerThread:5365 [handler.py:handle_request():141] handle_request: stop_status
2022-04-11 23:24:25,212 DEBUG   SenderThread:5365 [sender.py:send_request():249] send_request: stop_status
2022-04-11 23:24:40,265 DEBUG   SenderThread:5365 [sender.py:send():235] send: stats
2022-04-11 23:24:40,471 DEBUG   HandlerThread:5365 [handler.py:handle_request():141] handle_request: stop_status
2022-04-11 23:24:40,472 DEBUG   SenderThread:5365 [sender.py:send_request():249] send_request: stop_status
2022-04-11 23:24:55,717 DEBUG   HandlerThread:5365 [handler.py:handle_request():141] handle_request: stop_status
2022-04-11 23:24:55,718 DEBUG   SenderThread:5365 [sender.py:send_request():249] send_request: stop_status
2022-04-11 23:25:10,985 DEBUG   HandlerThread:5365 [handler.py:handle_request():141] handle_request: stop_status
2022-04-11 23:25:10,986 DEBUG   SenderThread:5365 [sender.py:send_request():249] send_request: stop_status
2022-04-11 23:25:11,423 DEBUG   SenderThread:5365 [sender.py:send():235] send: stats
2022-04-11 23:25:26,265 DEBUG   HandlerThread:5365 [handler.py:handle_request():141] handle_request: stop_status
2022-04-11 23:25:26,266 DEBUG   SenderThread:5365 [sender.py:send_request():249] send_request: stop_status
2022-04-11 23:25:41,565 DEBUG   HandlerThread:5365 [handler.py:handle_request():141] handle_request: stop_status
2022-04-11 23:25:41,566 DEBUG   SenderThread:5365 [sender.py:send_request():249] send_request: stop_status
2022-04-11 23:25:42,518 DEBUG   SenderThread:5365 [sender.py:send():235] send: stats
2022-04-11 23:25:56,876 DEBUG   HandlerThread:5365 [handler.py:handle_request():141] handle_request: stop_status
2022-04-11 23:25:56,877 DEBUG   SenderThread:5365 [sender.py:send_request():249] send_request: stop_status
2022-04-11 23:26:12,140 DEBUG   HandlerThread:5365 [handler.py:handle_request():141] handle_request: stop_status
2022-04-11 23:26:12,141 DEBUG   SenderThread:5365 [sender.py:send_request():249] send_request: stop_status
2022-04-11 23:26:13,673 DEBUG   SenderThread:5365 [sender.py:send():235] send: stats
2022-04-11 23:26:27,925 DEBUG   HandlerThread:5365 [handler.py:handle_request():141] handle_request: stop_status
2022-04-11 23:26:27,926 DEBUG   SenderThread:5365 [sender.py:send_request():249] send_request: stop_status
2022-04-11 23:26:43,251 DEBUG   HandlerThread:5365 [handler.py:handle_request():141] handle_request: stop_status
2022-04-11 23:26:43,252 DEBUG   SenderThread:5365 [sender.py:send_request():249] send_request: stop_status
2022-04-11 23:26:44,873 DEBUG   SenderThread:5365 [sender.py:send():235] send: stats
2022-04-11 23:26:58,505 DEBUG   HandlerThread:5365 [handler.py:handle_request():141] handle_request: stop_status
2022-04-11 23:26:58,506 DEBUG   SenderThread:5365 [sender.py:send_request():249] send_request: stop_status
2022-04-11 23:27:13,769 DEBUG   HandlerThread:5365 [handler.py:handle_request():141] handle_request: stop_status
2022-04-11 23:27:13,770 DEBUG   SenderThread:5365 [sender.py:send_request():249] send_request: stop_status
2022-04-11 23:27:16,004 DEBUG   SenderThread:5365 [sender.py:send():235] send: stats
2022-04-11 23:27:29,040 DEBUG   HandlerThread:5365 [handler.py:handle_request():141] handle_request: stop_status
2022-04-11 23:27:29,040 DEBUG   SenderThread:5365 [sender.py:send_request():249] send_request: stop_status
2022-04-11 23:27:44,269 DEBUG   HandlerThread:5365 [handler.py:handle_request():141] handle_request: stop_status
2022-04-11 23:27:44,270 DEBUG   SenderThread:5365 [sender.py:send_request():249] send_request: stop_status
2022-04-11 23:27:47,135 DEBUG   SenderThread:5365 [sender.py:send():235] send: stats
2022-04-11 23:27:59,502 DEBUG   HandlerThread:5365 [handler.py:handle_request():141] handle_request: stop_status
2022-04-11 23:27:59,503 DEBUG   SenderThread:5365 [sender.py:send_request():249] send_request: stop_status
2022-04-11 23:28:00,356 DEBUG   HandlerThread:5365 [handler.py:handle_request():141] handle_request: poll_exit
2022-04-11 23:28:00,356 DEBUG   SenderThread:5365 [sender.py:send():235] send: exit
2022-04-11 23:28:00,356 INFO    SenderThread:5365 [sender.py:send_exit():371] handling exit code: 1
2022-04-11 23:28:00,357 INFO    SenderThread:5365 [sender.py:send_exit():373] handling runtime: 1501
2022-04-11 23:28:00,357 INFO    SenderThread:5365 [sender.py:_save_file():947] saving file wandb-summary.json with policy end
2022-04-11 23:28:00,357 INFO    SenderThread:5365 [sender.py:send_exit():379] send defer
2022-04-11 23:28:00,357 DEBUG   SenderThread:5365 [sender.py:send_request():249] send_request: poll_exit
2022-04-11 23:28:00,358 DEBUG   HandlerThread:5365 [handler.py:handle_request():141] handle_request: defer
2022-04-11 23:28:00,358 INFO    HandlerThread:5365 [handler.py:handle_request_defer():164] handle defer: 0
2022-04-11 23:28:00,358 DEBUG   SenderThread:5365 [sender.py:send_request():249] send_request: defer
2022-04-11 23:28:00,358 INFO    SenderThread:5365 [sender.py:send_request_defer():388] handle sender defer: 0
2022-04-11 23:28:00,358 INFO    SenderThread:5365 [sender.py:transition_state():392] send defer: 1
2022-04-11 23:28:00,358 DEBUG   HandlerThread:5365 [handler.py:handle_request():141] handle_request: defer
2022-04-11 23:28:00,358 INFO    HandlerThread:5365 [handler.py:handle_request_defer():164] handle defer: 1
2022-04-11 23:28:00,406 DEBUG   SenderThread:5365 [sender.py:send_request():249] send_request: defer
2022-04-11 23:28:00,407 INFO    SenderThread:5365 [sender.py:send_request_defer():388] handle sender defer: 1
2022-04-11 23:28:00,407 INFO    SenderThread:5365 [sender.py:transition_state():392] send defer: 2
2022-04-11 23:28:00,407 DEBUG   SenderThread:5365 [sender.py:send():235] send: stats
2022-04-11 23:28:00,407 DEBUG   HandlerThread:5365 [handler.py:handle_request():141] handle_request: defer
2022-04-11 23:28:00,407 INFO    HandlerThread:5365 [handler.py:handle_request_defer():164] handle defer: 2
2022-04-11 23:28:00,407 DEBUG   SenderThread:5365 [sender.py:send_request():249] send_request: defer
2022-04-11 23:28:00,407 INFO    SenderThread:5365 [sender.py:send_request_defer():388] handle sender defer: 2
2022-04-11 23:28:00,407 INFO    SenderThread:5365 [sender.py:transition_state():392] send defer: 3
2022-04-11 23:28:00,407 DEBUG   HandlerThread:5365 [handler.py:handle_request():141] handle_request: defer
2022-04-11 23:28:00,407 INFO    HandlerThread:5365 [handler.py:handle_request_defer():164] handle defer: 3
2022-04-11 23:28:00,407 DEBUG   SenderThread:5365 [sender.py:send_request():249] send_request: defer
2022-04-11 23:28:00,408 INFO    SenderThread:5365 [sender.py:send_request_defer():388] handle sender defer: 3
2022-04-11 23:28:00,408 INFO    SenderThread:5365 [sender.py:transition_state():392] send defer: 4
2022-04-11 23:28:00,408 DEBUG   HandlerThread:5365 [handler.py:handle_request():141] handle_request: defer
2022-04-11 23:28:00,408 INFO    HandlerThread:5365 [handler.py:handle_request_defer():164] handle defer: 4
2022-04-11 23:28:00,408 DEBUG   SenderThread:5365 [sender.py:send():235] send: summary
2022-04-11 23:28:00,408 INFO    SenderThread:5365 [sender.py:_save_file():947] saving file wandb-summary.json with policy end
2022-04-11 23:28:00,408 DEBUG   SenderThread:5365 [sender.py:send_request():249] send_request: defer
2022-04-11 23:28:00,408 INFO    SenderThread:5365 [sender.py:send_request_defer():388] handle sender defer: 4
2022-04-11 23:28:00,408 INFO    SenderThread:5365 [sender.py:transition_state():392] send defer: 5
2022-04-11 23:28:00,408 DEBUG   HandlerThread:5365 [handler.py:handle_request():141] handle_request: defer
2022-04-11 23:28:00,409 INFO    HandlerThread:5365 [handler.py:handle_request_defer():164] handle defer: 5
2022-04-11 23:28:00,409 DEBUG   SenderThread:5365 [sender.py:send_request():249] send_request: defer
2022-04-11 23:28:00,409 INFO    SenderThread:5365 [sender.py:send_request_defer():388] handle sender defer: 5
2022-04-11 23:28:00,409 INFO    SenderThread:5365 [sender.py:transition_state():392] send defer: 6
2022-04-11 23:28:00,409 DEBUG   HandlerThread:5365 [handler.py:handle_request():141] handle_request: defer
2022-04-11 23:28:00,409 INFO    HandlerThread:5365 [handler.py:handle_request_defer():164] handle defer: 6
2022-04-11 23:28:00,409 DEBUG   SenderThread:5365 [sender.py:send_request():249] send_request: defer
2022-04-11 23:28:00,409 INFO    SenderThread:5365 [sender.py:send_request_defer():388] handle sender defer: 6
2022-04-11 23:28:00,409 INFO    SenderThread:5365 [dir_watcher.py:finish():283] shutting down directory watcher
2022-04-11 23:28:00,463 DEBUG   HandlerThread:5365 [handler.py:handle_request():141] handle_request: poll_exit
2022-04-11 23:28:00,723 INFO    SenderThread:5365 [dir_watcher.py:_on_file_modified():230] file/dir modified: /Users/huanzhang/01Acdemics/PhD/Modules/DL4AM/solo_piano_detection/experiments/baseline_cnn/2022-04-11_23-02-56/wandb/run-20220411_230258-2x6hjp4i/files/wandb-summary.json
2022-04-11 23:28:00,723 INFO    SenderThread:5365 [dir_watcher.py:finish():313] scan: /Users/huanzhang/01Acdemics/PhD/Modules/DL4AM/solo_piano_detection/experiments/baseline_cnn/2022-04-11_23-02-56/wandb/run-20220411_230258-2x6hjp4i/files
2022-04-11 23:28:00,724 INFO    SenderThread:5365 [dir_watcher.py:finish():327] scan save: /Users/huanzhang/01Acdemics/PhD/Modules/DL4AM/solo_piano_detection/experiments/baseline_cnn/2022-04-11_23-02-56/wandb/run-20220411_230258-2x6hjp4i/files/requirements.txt requirements.txt
2022-04-11 23:28:00,724 INFO    SenderThread:5365 [dir_watcher.py:finish():327] scan save: /Users/huanzhang/01Acdemics/PhD/Modules/DL4AM/solo_piano_detection/experiments/baseline_cnn/2022-04-11_23-02-56/wandb/run-20220411_230258-2x6hjp4i/files/output.log output.log
2022-04-11 23:28:00,725 INFO    SenderThread:5365 [dir_watcher.py:finish():327] scan save: /Users/huanzhang/01Acdemics/PhD/Modules/DL4AM/solo_piano_detection/experiments/baseline_cnn/2022-04-11_23-02-56/wandb/run-20220411_230258-2x6hjp4i/files/config.yaml config.yaml
2022-04-11 23:28:00,732 INFO    SenderThread:5365 [dir_watcher.py:finish():327] scan save: /Users/huanzhang/01Acdemics/PhD/Modules/DL4AM/solo_piano_detection/experiments/baseline_cnn/2022-04-11_23-02-56/wandb/run-20220411_230258-2x6hjp4i/files/wandb-summary.json wandb-summary.json
2022-04-11 23:28:00,734 INFO    SenderThread:5365 [dir_watcher.py:finish():327] scan save: /Users/huanzhang/01Acdemics/PhD/Modules/DL4AM/solo_piano_detection/experiments/baseline_cnn/2022-04-11_23-02-56/wandb/run-20220411_230258-2x6hjp4i/files/conda-environment.yaml conda-environment.yaml
2022-04-11 23:28:00,737 INFO    SenderThread:5365 [dir_watcher.py:finish():327] scan save: /Users/huanzhang/01Acdemics/PhD/Modules/DL4AM/solo_piano_detection/experiments/baseline_cnn/2022-04-11_23-02-56/wandb/run-20220411_230258-2x6hjp4i/files/wandb-metadata.json wandb-metadata.json
2022-04-11 23:28:00,737 INFO    SenderThread:5365 [sender.py:transition_state():392] send defer: 7
2022-04-11 23:28:00,737 DEBUG   SenderThread:5365 [sender.py:send_request():249] send_request: poll_exit
2022-04-11 23:28:00,738 DEBUG   HandlerThread:5365 [handler.py:handle_request():141] handle_request: defer
2022-04-11 23:28:00,744 INFO    HandlerThread:5365 [handler.py:handle_request_defer():164] handle defer: 7
2022-04-11 23:28:00,745 DEBUG   SenderThread:5365 [sender.py:send_request():249] send_request: defer
2022-04-11 23:28:00,745 INFO    SenderThread:5365 [sender.py:send_request_defer():388] handle sender defer: 7
2022-04-11 23:28:00,745 INFO    SenderThread:5365 [file_pusher.py:finish():145] shutting down file pusher
2022-04-11 23:28:00,847 DEBUG   HandlerThread:5365 [handler.py:handle_request():141] handle_request: poll_exit
2022-04-11 23:28:00,848 DEBUG   SenderThread:5365 [sender.py:send_request():249] send_request: poll_exit
2022-04-11 23:28:00,974 DEBUG   HandlerThread:5365 [handler.py:handle_request():141] handle_request: poll_exit
2022-04-11 23:28:00,975 DEBUG   SenderThread:5365 [sender.py:send_request():249] send_request: poll_exit
2022-04-11 23:28:01,091 DEBUG   HandlerThread:5365 [handler.py:handle_request():141] handle_request: poll_exit
2022-04-11 23:28:01,091 DEBUG   SenderThread:5365 [sender.py:send_request():249] send_request: poll_exit
2022-04-11 23:28:01,197 DEBUG   HandlerThread:5365 [handler.py:handle_request():141] handle_request: poll_exit
2022-04-11 23:28:01,197 DEBUG   SenderThread:5365 [sender.py:send_request():249] send_request: poll_exit
2022-04-11 23:28:01,304 DEBUG   HandlerThread:5365 [handler.py:handle_request():141] handle_request: poll_exit
2022-04-11 23:28:01,304 DEBUG   SenderThread:5365 [sender.py:send_request():249] send_request: poll_exit
2022-04-11 23:28:01,414 INFO    Thread-19 :5365 [upload_job.py:push():137] Uploaded file /Users/huanzhang/01Acdemics/PhD/Modules/DL4AM/solo_piano_detection/experiments/baseline_cnn/2022-04-11_23-02-56/wandb/run-20220411_230258-2x6hjp4i/files/config.yaml
2022-04-11 23:28:01,418 INFO    Thread-17 :5365 [upload_job.py:push():137] Uploaded file /Users/huanzhang/01Acdemics/PhD/Modules/DL4AM/solo_piano_detection/experiments/baseline_cnn/2022-04-11_23-02-56/wandb/run-20220411_230258-2x6hjp4i/files/requirements.txt
2022-04-11 23:28:01,418 INFO    Thread-21 :5365 [upload_job.py:push():137] Uploaded file /Users/huanzhang/01Acdemics/PhD/Modules/DL4AM/solo_piano_detection/experiments/baseline_cnn/2022-04-11_23-02-56/wandb/run-20220411_230258-2x6hjp4i/files/conda-environment.yaml
2022-04-11 23:28:01,419 INFO    Thread-20 :5365 [upload_job.py:push():137] Uploaded file /Users/huanzhang/01Acdemics/PhD/Modules/DL4AM/solo_piano_detection/experiments/baseline_cnn/2022-04-11_23-02-56/wandb/run-20220411_230258-2x6hjp4i/files/wandb-summary.json
2022-04-11 23:28:01,419 DEBUG   HandlerThread:5365 [handler.py:handle_request():141] handle_request: poll_exit
2022-04-11 23:28:01,420 DEBUG   SenderThread:5365 [sender.py:send_request():249] send_request: poll_exit
2022-04-11 23:28:01,439 INFO    Thread-18 :5365 [upload_job.py:push():137] Uploaded file /Users/huanzhang/01Acdemics/PhD/Modules/DL4AM/solo_piano_detection/experiments/baseline_cnn/2022-04-11_23-02-56/wandb/run-20220411_230258-2x6hjp4i/files/output.log
2022-04-11 23:28:01,528 DEBUG   HandlerThread:5365 [handler.py:handle_request():141] handle_request: poll_exit
2022-04-11 23:28:01,528 DEBUG   SenderThread:5365 [sender.py:send_request():249] send_request: poll_exit
2022-04-11 23:28:01,631 DEBUG   HandlerThread:5365 [handler.py:handle_request():141] handle_request: poll_exit
2022-04-11 23:28:01,632 DEBUG   SenderThread:5365 [sender.py:send_request():249] send_request: poll_exit
2022-04-11 23:28:01,645 INFO    Thread-11 :5365 [sender.py:transition_state():392] send defer: 8
2022-04-11 23:28:01,647 DEBUG   HandlerThread:5365 [handler.py:handle_request():141] handle_request: defer
2022-04-11 23:28:01,647 INFO    HandlerThread:5365 [handler.py:handle_request_defer():164] handle defer: 8
2022-04-11 23:28:01,648 DEBUG   SenderThread:5365 [sender.py:send_request():249] send_request: defer
2022-04-11 23:28:01,648 INFO    SenderThread:5365 [sender.py:send_request_defer():388] handle sender defer: 8
2022-04-11 23:28:01,736 DEBUG   HandlerThread:5365 [handler.py:handle_request():141] handle_request: poll_exit
2022-04-11 23:28:02,438 INFO    SenderThread:5365 [sender.py:transition_state():392] send defer: 9
2022-04-11 23:28:02,438 DEBUG   SenderThread:5365 [sender.py:send_request():249] send_request: poll_exit
2022-04-11 23:28:02,439 DEBUG   HandlerThread:5365 [handler.py:handle_request():141] handle_request: defer
2022-04-11 23:28:02,439 INFO    HandlerThread:5365 [handler.py:handle_request_defer():164] handle defer: 9
2022-04-11 23:28:02,439 DEBUG   SenderThread:5365 [sender.py:send_request():249] send_request: defer
2022-04-11 23:28:02,440 INFO    SenderThread:5365 [sender.py:send_request_defer():388] handle sender defer: 9
2022-04-11 23:28:02,440 INFO    SenderThread:5365 [sender.py:transition_state():392] send defer: 10
2022-04-11 23:28:02,440 DEBUG   SenderThread:5365 [sender.py:send():235] send: final
2022-04-11 23:28:02,441 DEBUG   SenderThread:5365 [sender.py:send():235] send: footer
2022-04-11 23:28:02,441 DEBUG   HandlerThread:5365 [handler.py:handle_request():141] handle_request: defer
2022-04-11 23:28:02,441 INFO    HandlerThread:5365 [handler.py:handle_request_defer():164] handle defer: 10
2022-04-11 23:28:02,441 DEBUG   SenderThread:5365 [sender.py:send_request():249] send_request: defer
2022-04-11 23:28:02,441 INFO    SenderThread:5365 [sender.py:send_request_defer():388] handle sender defer: 10
2022-04-11 23:28:02,545 DEBUG   HandlerThread:5365 [handler.py:handle_request():141] handle_request: poll_exit
2022-04-11 23:28:02,546 DEBUG   SenderThread:5365 [sender.py:send_request():249] send_request: poll_exit
2022-04-11 23:28:02,546 INFO    SenderThread:5365 [file_pusher.py:join():150] waiting for file pusher
2022-04-11 23:28:03,058 DEBUG   HandlerThread:5365 [handler.py:handle_request():141] handle_request: sampled_history
2022-04-11 23:28:03,059 DEBUG   HandlerThread:5365 [handler.py:handle_request():141] handle_request: get_summary
2022-04-11 23:28:03,060 INFO    MainThread:5365 [wandb_run.py:_footer_history_summary_info():3087] rendering history
2022-04-11 23:28:03,060 INFO    MainThread:5365 [wandb_run.py:_footer_history_summary_info():3116] rendering summary
2022-04-11 23:28:03,060 INFO    MainThread:5365 [wandb_run.py:_footer_sync_info():3044] logging synced files
2022-04-11 23:28:03,061 DEBUG   HandlerThread:5365 [handler.py:handle_request():141] handle_request: shutdown
2022-04-11 23:28:03,061 INFO    HandlerThread:5365 [handler.py:finish():790] shutting down handler
2022-04-11 23:28:03,446 INFO    WriterThread:5365 [datastore.py:close():281] close: /Users/huanzhang/01Acdemics/PhD/Modules/DL4AM/solo_piano_detection/experiments/baseline_cnn/2022-04-11_23-02-56/wandb/run-20220411_230258-2x6hjp4i/run-2x6hjp4i.wandb
2022-04-11 23:28:03,952 INFO    SenderThread:5365 [sender.py:finish():1107] shutting down sender
2022-04-11 23:28:03,952 INFO    SenderThread:5365 [file_pusher.py:finish():145] shutting down file pusher
2022-04-11 23:28:03,952 INFO    SenderThread:5365 [file_pusher.py:join():150] waiting for file pusher
2022-04-11 23:28:04,710 INFO    MainThread:5365 [internal.py:handle_exit():82] Internal process exited
